<?xml version="1.0" encoding="UTF-8"?>
<!-- Generated by org.testng.reporters.JUnitXMLReporter -->
<testsuite ignored="0" hostname="DESKTOP-C2I0Q31" failures="0" tests="3" name="Test" time="274.063" errors="0" timestamp="31 Aug 2019 04:26:43 GMT">
  <testcase classname="com.pa.qa.testcases.HomePageTest" name="HomePage" time="103.509"/>
  <testcase classname="com.pa.qa.testcases.LogInToAppTest" name="LogInToApp" time="16.31"/>
  <testcase classname="com.pa.qa.testcases.LogInToAppTest" name="LogInToApp" time="16.554"/>
</testsuite> <!-- Test -->
