<?xml version="1.0" encoding="UTF-8"?>
<testng-results ignored="0" total="3" passed="3" failed="0" skipped="0">
  <reporter-output>
  </reporter-output>
  <suite started-at="2019-08-31T04:22:09Z" name="Suite" finished-at="2019-08-31T04:26:43Z" duration-ms="274063">
    <groups>
    </groups>
    <test started-at="2019-08-31T04:22:09Z" name="Test" finished-at="2019-08-31T04:26:43Z" duration-ms="274063">
      <class name="com.pa.qa.testcases.LogInToAppTest">
        <test-method is-config="true" signature="setUp()[pri:0, instance:com.pa.qa.testcases.LogInToAppTest@77be656f]" started-at="2019-08-31T09:55:02Z" name="setUp" finished-at="2019-08-31T09:55:26Z" duration-ms="24094" status="PASS">
          <reporter-output>
          </reporter-output>
        </test-method> <!-- setUp -->
        <test-method signature="LogInToApp(java.lang.String, java.lang.String, java.lang.String, java.lang.String)[pri:0, instance:com.pa.qa.testcases.LogInToAppTest@77be656f]" started-at="2019-08-31T09:55:26Z" name="LogInToApp" data-provider="getLogInTestData" finished-at="2019-08-31T09:55:42Z" duration-ms="16310" status="PASS">
          <params>
            <param index="0">
              <value>
                <![CDATA[Yogesh564]]>
              </value>
            </param>
            <param index="1">
              <value>
                <![CDATA[Suntech565]]>
              </value>
            </param>
            <param index="2">
              <value>
                <![CDATA[]]>
              </value>
            </param>
            <param index="3">
              <value>
                <![CDATA[sampledata2]]>
              </value>
            </param>
          </params>
          <reporter-output>
          </reporter-output>
        </test-method> <!-- LogInToApp -->
        <test-method is-config="true" signature="getResult(org.testng.ITestResult)[pri:0, instance:com.pa.qa.testcases.LogInToAppTest@77be656f]" started-at="2019-08-31T09:55:42Z" name="getResult" finished-at="2019-08-31T09:55:53Z" duration-ms="11099" status="PASS">
          <params>
            <param index="0">
              <value>
                <![CDATA[[TestResult name=LogInToApp status=SUCCESS method=LogInToAppTest.LogInToApp(java.lang.String, java.lang.String, java.lang.String, java.lang.String)[pri:0, instance:com.pa.qa.testcases.LogInToAppTest@77be656f] output={null}]]]>
              </value>
            </param>
          </params>
          <reporter-output>
          </reporter-output>
        </test-method> <!-- getResult -->
        <test-method is-config="true" signature="setUp()[pri:0, instance:com.pa.qa.testcases.LogInToAppTest@77be656f]" started-at="2019-08-31T09:55:53Z" name="setUp" finished-at="2019-08-31T09:56:23Z" duration-ms="29990" status="PASS">
          <reporter-output>
          </reporter-output>
        </test-method> <!-- setUp -->
        <test-method signature="LogInToApp(java.lang.String, java.lang.String, java.lang.String, java.lang.String)[pri:0, instance:com.pa.qa.testcases.LogInToAppTest@77be656f]" started-at="2019-08-31T09:56:23Z" name="LogInToApp" data-provider="getLogInTestData" finished-at="2019-08-31T09:56:40Z" duration-ms="16554" status="PASS">
          <params>
            <param index="0">
              <value>
                <![CDATA[Yogesh565]]>
              </value>
            </param>
            <param index="1">
              <value>
                <![CDATA[Suntech566]]>
              </value>
            </param>
            <param index="2">
              <value>
                <![CDATA[sampledata1]]>
              </value>
            </param>
            <param index="3">
              <value>
                <![CDATA[]]>
              </value>
            </param>
          </params>
          <reporter-output>
          </reporter-output>
        </test-method> <!-- LogInToApp -->
        <test-method is-config="true" signature="getResult(org.testng.ITestResult)[pri:0, instance:com.pa.qa.testcases.LogInToAppTest@77be656f]" started-at="2019-08-31T09:56:40Z" name="getResult" finished-at="2019-08-31T09:56:42Z" duration-ms="2297" status="PASS">
          <params>
            <param index="0">
              <value>
                <![CDATA[[TestResult name=LogInToApp status=SUCCESS method=LogInToAppTest.LogInToApp(java.lang.String, java.lang.String, java.lang.String, java.lang.String)[pri:0, instance:com.pa.qa.testcases.LogInToAppTest@77be656f] output={null}]]]>
              </value>
            </param>
          </params>
          <reporter-output>
          </reporter-output>
        </test-method> <!-- getResult -->
      </class> <!-- com.pa.qa.testcases.LogInToAppTest -->
      <class name="com.pa.qa.testcases.HomePageTest">
        <test-method is-config="true" signature="ConfigureReport()[pri:0, instance:com.pa.qa.testcases.HomePageTest@797badd3]" started-at="2019-08-31T09:52:09Z" name="ConfigureReport" finished-at="2019-08-31T09:52:11Z" duration-ms="2208" status="PASS">
          <reporter-output>
          </reporter-output>
        </test-method> <!-- ConfigureReport -->
        <test-method is-config="true" signature="ConfigureReport()[pri:0, instance:com.pa.qa.testcases.LogInToAppTest@77be656f]" started-at="2019-08-31T09:52:11Z" name="ConfigureReport" finished-at="2019-08-31T09:52:11Z" duration-ms="5" status="PASS">
          <reporter-output>
          </reporter-output>
        </test-method> <!-- ConfigureReport -->
        <test-method is-config="true" signature="setUp()[pri:0, instance:com.pa.qa.testcases.HomePageTest@797badd3]" started-at="2019-08-31T09:52:11Z" name="setUp" finished-at="2019-08-31T09:53:11Z" duration-ms="59998" status="PASS">
          <reporter-output>
          </reporter-output>
        </test-method> <!-- setUp -->
        <test-method signature="HomePage()[pri:0, instance:com.pa.qa.testcases.HomePageTest@797badd3]" started-at="2019-08-31T09:53:11Z" name="HomePage" finished-at="2019-08-31T09:54:54Z" duration-ms="103509" status="PASS">
          <reporter-output>
          </reporter-output>
        </test-method> <!-- HomePage -->
        <test-method is-config="true" signature="getResult(org.testng.ITestResult)[pri:0, instance:com.pa.qa.testcases.HomePageTest@797badd3]" started-at="2019-08-31T09:54:54Z" name="getResult" finished-at="2019-08-31T09:54:55Z" duration-ms="1025" status="PASS">
          <params>
            <param index="0">
              <value>
                <![CDATA[[TestResult name=HomePage status=SUCCESS method=HomePageTest.HomePage()[pri:0, instance:com.pa.qa.testcases.HomePageTest@797badd3] output={null}]]]>
              </value>
            </param>
          </params>
          <reporter-output>
          </reporter-output>
        </test-method> <!-- getResult -->
        <test-method is-config="true" signature="tearDown()[pri:0, instance:com.pa.qa.testcases.HomePageTest@797badd3]" started-at="2019-08-31T09:56:42Z" name="tearDown" finished-at="2019-08-31T09:56:43Z" duration-ms="741" status="PASS">
          <reporter-output>
          </reporter-output>
        </test-method> <!-- tearDown -->
        <test-method is-config="true" signature="tearDown()[pri:0, instance:com.pa.qa.testcases.LogInToAppTest@77be656f]" started-at="2019-08-31T09:56:43Z" name="tearDown" finished-at="2019-08-31T09:56:43Z" duration-ms="30" status="PASS">
          <reporter-output>
          </reporter-output>
        </test-method> <!-- tearDown -->
      </class> <!-- com.pa.qa.testcases.HomePageTest -->
    </test> <!-- Test -->
  </suite> <!-- Suite -->
</testng-results>
