<?xml version="1.0" encoding="UTF-8"?>
<testsuite xmlns:xsi="http://www.w3.org/2001/XMLSchema-instance" xsi:noNamespaceSchemaLocation="https://maven.apache.org/surefire/maven-surefire-plugin/xsd/surefire-test-report.xsd" name="TestSuite" time="275.725" tests="3" errors="0" skipped="0" failures="0">
  <properties>
[...]
</properties>
  <testcase name="HomePage" classname="com.pa.qa.testcases.HomePageTest" time="103.51"/>
  <testcase name="LogInToApp" classname="com.pa.qa.testcases.LogInToAppTest" time="16.31"/>
  <testcase name="LogInToApp" classname="com.pa.qa.testcases.LogInToAppTest" time="16.553"/>
</testsuite>